#
# There is insufficient memory for the Java Runtime Environment to continue.
# Native memory allocation (mmap) failed to map 268435456 bytes for G1 virtual space
# Possible reasons:
#   The system is out of physical RAM or swap space
#   The process is running with CompressedOops enabled, and the Java Heap may be blocking the growth of the native heap
# Possible solutions:
#   Reduce memory load on the system
#   Increase physical memory or swap space
#   Check if swap backing store is full
#   Decrease Java heap size (-Xmx/-Xms)
#   Decrease number of Java threads
#   Decrease Java thread stack sizes (-Xss)
#   Set larger code cache with -XX:ReservedCodeCacheSize=
#   JVM is running with Zero Based Compressed Oops mode in which the Java heap is
#     placed in the first 32GB address space. The Java Heap base address is the
#     maximum limit for the native heap growth. Please use -XX:HeapBaseMinAddress
#     to set the Java Heap base and to place the Java Heap above 32GB virtual address.
# This output file may be truncated or incomplete.
#
#  Out of Memory Error (./open/src/hotspot/os/windows/os_windows.cpp:3472), pid=1008, tid=12108
#
# JRE version:  (15.0+36) (build )
# Java VM: Java HotSpot(TM) 64-Bit Server VM (15+36-1562, mixed mode, sharing, tiered, compressed oops, g1 gc, windows-amd64)
# No core dump will be written. Minidumps are not enabled by default on client versions of Windows
#

---------------  S U M M A R Y ------------

Command Line: -javaagent:C:\Program Files\JetBrains\IntelliJ IDEA Community Edition 2020.1.2\lib\idea_rt.jar=52084:C:\Program Files\JetBrains\IntelliJ IDEA Community Edition 2020.1.2\bin -Dfile.encoding=UTF-8 ru.mirea.pr12.Address

Host: Intel(R) Core(TM) i5-3470 CPU @ 3.20GHz, 4 cores, 15G,  Windows 10 , 64 bit Build 19041 (10.0.19041.662)
Time: Fri Dec 18 17:50:38 2020 RTZ 2 (зима) elapsed time: 0.021617 seconds (0d 0h 0m 0s)

---------------  T H R E A D  ---------------

Current thread (0x000001344ea8e9f0):  JavaThread "Unknown thread" [_thread_in_vm, id=12108, stack(0x0000001764a00000,0x0000001764b00000)]

Stack: [0x0000001764a00000,0x0000001764b00000]
Native frames: (J=compiled Java code, j=interpreted, Vv=VM code, C=native code)
V  [jvm.dll+0x629eaa]
V  [jvm.dll+0x780379]
V  [jvm.dll+0x781ad3]
V  [jvm.dll+0x782133]
V  [jvm.dll+0x2159d5]
V  [jvm.dll+0x627299]
V  [jvm.dll+0x61bdd5]
V  [jvm.dll+0x2cf96d]
V  [jvm.dll+0x2cf7d2]
V  [jvm.dll+0x2d57ac]
V  [jvm.dll+0x32523a]
V  [jvm.dll+0x324904]
V  [jvm.dll+0x2a68ea]
V  [jvm.dll+0x2a7a88]
V  [jvm.dll+0x75d0f1]
V  [jvm.dll+0x333af4]
V  [jvm.dll+0x73d816]
V  [jvm.dll+0x3b68e7]
V  [jvm.dll+0x3b8371]
C  [jli.dll+0x52fb]
C  [ucrtbase.dll+0x214c2]
C  [KERNEL32.DLL+0x17034]
C  [ntdll.dll+0x4d0d1]


---------------  P R O C E S S  ---------------

Threads class SMR info:
_java_thread_list=0x00007ffabd6d2fa0, length=0, elements={
}

Java Threads: ( => current thread )

Other Threads:
  0x000001344eade9d0 GCTaskThread "GC Thread#0" [stack: 0x0000001764b00000,0x0000001764c00000] [id=5800]
  0x000001344eaf0b00 ConcurrentGCThread "G1 Main Marker" [stack: 0x0000001764c00000,0x0000001764d00000] [id=13120]
  0x000001344eaf1680 ConcurrentGCThread "G1 Conc#0" [stack: 0x0000001764d00000,0x0000001764e00000] [id=4808]

[error occurred during error reporting (printing all threads), id 0xc0000005, EXCEPTION_ACCESS_VIOLATION (0xc0000005) at pc=0x00007ffabcec77b7]

VM state: not at safepoint (not fully initialized)

VM Mutex/Monitor currently owned by a thread:  ([mutex/lock_event])
[0x000001344ea8a6e0] Heap_lock - owner thread: 0x000001344ea8e9f0

Heap address: 0x0000000700c00000, size: 4084 MB, Compressed Oops mode: Zero based, Oop shift amount: 3
CDS archive(s) mapped at: [0x0000000000000000-0x0000000000000000-0x0000000000000000), size 0, SharedBaseAddress: 0x0000000800000000, ArchiveRelocationMode: 0.
Narrow klass base: 0x0000000000000000, Narrow klass shift: 0, Narrow klass range: 0x0

Heap:
 garbage-first heap   total 262144K, used 0K [0x0000000700c00000, 0x0000000800000000)
  region size 2048K, 0 young (0K), 0 survivors (0K)
 Metaspace       used 0K, capacity 0K, committed 0K, reserved 0K
  class space    used 0K, capacity 0K, committed 0K, reserved 0K

Heap Regions: E=young(eden), S=young(survivor), O=old, HS=humongous(starts), HC=humongous(continues), CS=collection set, F=free, OA=open archive, CA=closed archive, TAMS=top-at-mark-start (previous, next)

Card table byte_map: [0x00000134664d0000,0x0000013466cd0000] _byte_map_base: 0x0000013462cca000

Marking Bits (Prev, Next): (CMBitMap*) 0x000001344eae0160, (CMBitMap*) 0x000001344eae01a0
 Prev Bits: [0x00000134674d0000, 0x000001346b4a0000)
 Next Bits: [0x000001346b4a0000, 0x000001346f470000)

GC Heap History (0 events):
No events

Deoptimization events (0 events):
No events

Classes unloaded (0 events):
No events

Classes redefined (0 events):
No events

Internal exceptions (0 events):
No events

Events (1 events):
Event: 0.009 Loaded shared library C:\Program Files\Java\jdk-15\bin\java.dll


Dynamic libraries:
0x00007ff68dc20000 - 0x00007ff68dc2f000 	C:\Program Files\Java\jdk-15\bin\java.exe
0x00007ffb0c610000 - 0x00007ffb0c806000 	C:\WINDOWS\SYSTEM32\ntdll.dll
0x00007ffb0aae0000 - 0x00007ffb0ab9d000 	C:\WINDOWS\System32\KERNEL32.DLL
0x00007ffb0a370000 - 0x00007ffb0a639000 	C:\WINDOWS\System32\KERNELBASE.dll
0x00007ffb09d50000 - 0x00007ffb09e50000 	C:\WINDOWS\System32\ucrtbase.dll
0x00007ffafbb50000 - 0x00007ffafbb68000 	C:\Program Files\Java\jdk-15\bin\jli.dll
0x00007ffb0a900000 - 0x00007ffb0a9ac000 	C:\WINDOWS\System32\ADVAPI32.dll
0x00007ffb0acd0000 - 0x00007ffb0ad6e000 	C:\WINDOWS\System32\msvcrt.dll
0x00007ffb0c290000 - 0x00007ffb0c32c000 	C:\WINDOWS\System32\sechost.dll
0x00007ffb0c4a0000 - 0x00007ffb0c5cb000 	C:\WINDOWS\System32\RPCRT4.dll
0x00007ffb0b6e0000 - 0x00007ffb0b880000 	C:\WINDOWS\System32\USER32.dll
0x00007ffb09fb0000 - 0x00007ffb09fd2000 	C:\WINDOWS\System32\win32u.dll
0x00007ffb0c330000 - 0x00007ffb0c35a000 	C:\WINDOWS\System32\GDI32.dll
0x00007ffb0a180000 - 0x00007ffb0a289000 	C:\WINDOWS\System32\gdi32full.dll
0x00007ffb0a090000 - 0x00007ffb0a12d000 	C:\WINDOWS\System32\msvcp_win.dll
0x00007ffafa6f0000 - 0x00007ffafa709000 	C:\Program Files\Java\jdk-15\bin\VCRUNTIME140.dll
0x00007ffaedfe0000 - 0x00007ffaee27b000 	C:\WINDOWS\WinSxS\amd64_microsoft.windows.common-controls_6595b64144ccf1df_6.0.19041.488_none_ca04af081b815d21\COMCTL32.dll
0x00007ffb01b80000 - 0x00007ffb01b8a000 	C:\WINDOWS\SYSTEM32\VERSION.dll
0x00007ffb0ad70000 - 0x00007ffb0ada0000 	C:\WINDOWS\System32\IMM32.DLL
0x00007ffb05820000 - 0x00007ffb0582c000 	C:\Program Files\Java\jdk-15\bin\vcruntime140_1.dll
0x00007ffae3260000 - 0x00007ffae32f1000 	C:\Program Files\Java\jdk-15\bin\msvcp140.dll
0x00007ffabcc10000 - 0x00007ffabd76c000 	C:\Program Files\Java\jdk-15\bin\server\jvm.dll
0x00007ffb0b1d0000 - 0x00007ffb0b1d8000 	C:\WINDOWS\System32\PSAPI.DLL
0x00007ffb058b0000 - 0x00007ffb058b9000 	C:\WINDOWS\SYSTEM32\WSOCK32.dll
0x00007ffb0b160000 - 0x00007ffb0b1cb000 	C:\WINDOWS\System32\WS2_32.dll
0x00007ffb010c0000 - 0x00007ffb010e7000 	C:\WINDOWS\SYSTEM32\WINMM.dll
0x00007ffb07c80000 - 0x00007ffb07c92000 	C:\WINDOWS\SYSTEM32\kernel.appcore.dll
0x00007ffb05470000 - 0x00007ffb0547a000 	C:\Program Files\Java\jdk-15\bin\jimage.dll
0x00007ffb03310000 - 0x00007ffb034f4000 	C:\WINDOWS\SYSTEM32\DBGHELP.DLL
0x00007ffaf88e0000 - 0x00007ffaf890c000 	C:\WINDOWS\SYSTEM32\dbgcore.DLL
0x00007ffb0a290000 - 0x00007ffb0a310000 	C:\WINDOWS\System32\bcryptPrimitives.dll
0x00007ffafcf30000 - 0x00007ffafcf3e000 	C:\Program Files\Java\jdk-15\bin\instrument.dll
0x00007ffafa370000 - 0x00007ffafa395000 	C:\Program Files\Java\jdk-15\bin\java.dll

dbghelp: loaded successfully - version: 4.0.5 - missing functions: none
symbol engine: initialized successfully - sym options: 0x614 - pdb path: .;C:\Program Files\Java\jdk-15\bin;C:\WINDOWS\SYSTEM32;C:\WINDOWS\WinSxS\amd64_microsoft.windows.common-controls_6595b64144ccf1df_6.0.19041.488_none_ca04af081b815d21;C:\Program Files\Java\jdk-15\bin\server

VM Arguments:
jvm_args: -javaagent:C:\Program Files\JetBrains\IntelliJ IDEA Community Edition 2020.1.2\lib\idea_rt.jar=52084:C:\Program Files\JetBrains\IntelliJ IDEA Community Edition 2020.1.2\bin -Dfile.encoding=UTF-8 
java_command: ru.mirea.pr12.Address
java_class_path (initial): C:\My Downloads\Pr12\out\production\Pr12
Launcher Type: SUN_STANDARD

[Global flags]
     intx CICompilerCount                          = 3                                         {product} {ergonomic}
     uint ConcGCThreads                            = 1                                         {product} {ergonomic}
     uint G1ConcRefinementThreads                  = 4                                         {product} {ergonomic}
   size_t G1HeapRegionSize                         = 2097152                                   {product} {ergonomic}
    uintx GCDrainStackTargetSize                   = 64                                        {product} {ergonomic}
   size_t InitialHeapSize                          = 268435456                                 {product} {ergonomic}
   size_t MarkStackSize                            = 4194304                                   {product} {ergonomic}
   size_t MaxHeapSize                              = 4282384384                                {product} {ergonomic}
   size_t MinHeapDeltaBytes                        = 2097152                                   {product} {ergonomic}
   size_t MinHeapSize                              = 8388608                                   {product} {ergonomic}
    uintx NonNMethodCodeHeapSize                   = 5832780                                {pd product} {ergonomic}
    uintx NonProfiledCodeHeapSize                  = 122912730                              {pd product} {ergonomic}
    uintx ProfiledCodeHeapSize                     = 122912730                              {pd product} {ergonomic}
    uintx ReservedCodeCacheSize                    = 251658240                              {pd product} {ergonomic}
     bool SegmentedCodeCache                       = true                                      {product} {ergonomic}
   size_t SoftMaxHeapSize                          = 4282384384                             {manageable} {ergonomic}
     bool UseCompressedClassPointers               = true                                 {lp64_product} {ergonomic}
     bool UseCompressedOops                        = true                                 {lp64_product} {ergonomic}
     bool UseG1GC                                  = true                                      {product} {ergonomic}
     bool UseLargePagesIndividualAllocation        = false                                  {pd product} {ergonomic}

Logging:
Log output configuration:
 #0: stdout all=warning uptime,level,tags
 #1: stderr all=off uptime,level,tags

Environment Variables:
PATH=C:\Program Files (x86)\Common Files\Oracle\Java\javapath;C:\ProgramData\Oracle\Java\javapath;C:\Program Files\Common Files\Oracle\Java\javapath;C:\WINDOWS\system32;C:\WINDOWS;C:\WINDOWS\System32\Wbem;C:\WINDOWS\System32\WindowsPowerShell\v1.0\;C:\BATCH;C:\WINDOWS\System32\OpenSSH\;C:\Program Files\Git\cmd;C:\Program Files\Docker\Docker\resources\bin;C:\ProgramData\DockerDesktop\version-bin;C:\Users\Mich\AppData\Local\Microsoft\WindowsApps;C:\BATCH;C:\Users\Mich\AppData\Local\atom\bin
USERNAME=Mich
OS=Windows_NT
PROCESSOR_IDENTIFIER=Intel64 Family 6 Model 58 Stepping 9, GenuineIntel



---------------  S Y S T E M  ---------------

OS:
 Windows 10 , 64 bit Build 19041 (10.0.19041.662)
OS uptime: 0 days 8:21 hours
HyperV virtualization detected

CPU: total 4 (initial active 4) (4 cores per cpu, 1 threads per core) family 6 model 58 stepping 9, cmov, cx8, fxsr, mmx, sse, sse2, sse3, ssse3, sse4.1, sse4.2, popcnt, vzeroupper, avx, aes, clmul, erms, tsc, tscinvbit, tscinv, clflush

Memory: 4k page, system-wide physical 16330M (7290M free)
TotalPageFile size 16330M (AvailPageFile size 236M)
current process WorkingSet (physical memory assigned to process): 10M, peak: 10M
current process commit charge ("private bytes"): 51M, peak: 307M

vm_info: Java HotSpot(TM) 64-Bit Server VM (15+36-1562) for windows-amd64 JRE (15+36-1562), built on Aug 11 2020 22:38:02 by "mach5one" with unknown MS VC++:1925

END.
